<?xml version="1.0" encoding="UTF-8"?>
<testsuite xmlns:xsi="http://www.w3.org/2001/XMLSchema-instance" xsi:noNamespaceSchemaLocation="https://maven.apache.org/surefire/maven-surefire-plugin/xsd/surefire-test-report.xsd" version="3.0.2" name="Runner.TestRunnerTest" time="28.214" tests="2" errors="0" skipped="0" failures="0">
  <properties>
[...]
</properties>
  <testcase name="Add new contacts #1" classname="Create new contacts" time="14.115">
    <system-out><![CDATA[
Scenario Outline: Add new contacts                              # src/test/resource/com/qa/features/homePage.feature:11
C:\Users\febin\eclipse-workspace\CucumberPOM
  Given User is logged into the application                     # com.qa.stepDefinitions.ContactsPageSteps.user_is_logged_into_the_application()
  When User is on the contacts page                             # com.qa.stepDefinitions.ContactsPageSteps.user_is_on_the_contacts_page()
2
  Then User clicks on New Contacts from the menu                # com.qa.stepDefinitions.ContactsPageSteps.user_clicks_on_new_contacts_from_the_menu()
  Then User enters new contact details Mr., Basil, Arthur, Dell # com.qa.stepDefinitions.ContactsPageSteps.user_enters_new_contact_details(java.lang.String,java.lang.String,java.lang.String,java.lang.String)
]]></system-out>
    <system-err><![CDATA[Aug 23, 2024 3:29:29 PM org.openqa.selenium.devtools.CdpVersionFinder findNearestMatch
WARNING: Unable to find an exact match for CDP version 128, returning the closest version; found: 127; Please update to a Selenium version that supports CDP version 128
]]></system-err>
  </testcase>
  <testcase name="Add new contacts #2" classname="Create new contacts" time="13.334">
    <system-out><![CDATA[
Scenario Outline: Add new contacts                           # src/test/resource/com/qa/features/homePage.feature:12
C:\Users\febin\eclipse-workspace\CucumberPOM
  Given User is logged into the application                  # com.qa.stepDefinitions.ContactsPageSteps.user_is_logged_into_the_application()
  When User is on the contacts page                          # com.qa.stepDefinitions.ContactsPageSteps.user_is_on_the_contacts_page()
2
  Then User clicks on New Contacts from the menu             # com.qa.stepDefinitions.ContactsPageSteps.user_clicks_on_new_contacts_from_the_menu()
  Then User enters new contact details Miss, Dean, Amy, Bell # com.qa.stepDefinitions.ContactsPageSteps.user_enters_new_contact_details(java.lang.String,java.lang.String,java.lang.String,java.lang.String)
]]></system-out>
    <system-err><![CDATA[Aug 23, 2024 3:29:43 PM org.openqa.selenium.devtools.CdpVersionFinder findNearestMatch
WARNING: Unable to find an exact match for CDP version 128, returning the closest version; found: 127; Please update to a Selenium version that supports CDP version 128
]]></system-err>
  </testcase>
</testsuite>